<?xml version="1.0" encoding="UTF-8"?>
<!-- Generated by org.testng.reporters.JUnitXMLReporter -->
<testsuite ignored="3" hostname="DESKTOP-83NNR9O" failures="0" tests="6" name="Test" time="0.167" errors="0" timestamp="2023-10-01T11:52:30 IST">
  <testcase classname="com.group.test.Program1" name="loginFunction" time="0.014"/>
  <testcase classname="com.group.test.Program1" name="userData" time="0.004"/>
  <testcase classname="com.group.test.Program2" name="loginFunction" time="0.004"/>
  <testcase classname="com.group.test.Program2" name="userData" time="0.013"/>
  <testcase classname="com.group.test.Program3" name="loginFunction" time="0.006"/>
  <testcase classname="com.group.test.Program3" name="userData" time="0.004"/>
  <testcase classname="com.group.test.Program3" name="exit" time="0.0">
    <ignored/>
  </testcase> <!-- exit -->
  <testcase classname="com.group.test.Program2" name="exit" time="0.0">
    <ignored/>
  </testcase> <!-- exit -->
  <testcase classname="com.group.test.Program1" name="exit" time="0.0">
    <ignored/>
  </testcase> <!-- exit -->
</testsuite> <!-- Test -->
